<?xml version="1.0" encoding="UTF-8"?>
<!-- Generated by org.testng.reporters.JUnitReportReporter -->
<testsuite hostname="LAPTOP-E1QE7JE5" failures="0" tests="3" name="TestCases.LoginPageTest" time="12.249" errors="0" timestamp="2023-08-13T16:54:55 IST" skipped="1">
  <testcase classname="TestCases.LoginPageTest" name="fblogoTest" time="0.252"/>
  <system-out/>
  <testcase classname="TestCases.LoginPageTest" name="loginFBtest" time="11.997"/>
  <system-out/>
  <testcase classname="TestCases.LoginPageTest" name="verifyTitleTest">
    <skipped/>
  </testcase> <!-- verifyTitleTest -->
  <system-out/>
</testsuite> <!-- TestCases.LoginPageTest -->
